0 info it worked if it ends with ok
1 verbose cli [ 'node', '/usr/bin/npm', 'install' ]
2 info using npm@2.11.1
3 info using node@v0.10.37
4 verbose node symlink /usr/bin/node
5 verbose readDependencies loading dependencies from /srv/www/wordpress-trunk/package.json
6 error install Couldn't read dependencies
7 verbose stack Error: ENOENT, open '/srv/www/wordpress-trunk/package.json'
8 verbose cwd /srv/www/wordpress-trunk
9 error Linux 3.13.0-53-generic
10 error argv "node" "/usr/bin/npm" "install"
11 error node v0.10.37
12 error npm  v2.11.1
13 error path /srv/www/wordpress-trunk/package.json
14 error code ENOPACKAGEJSON
15 error errno 34
16 error package.json ENOENT, open '/srv/www/wordpress-trunk/package.json'
16 error package.json This is most likely not a problem with npm itself.
16 error package.json npm can't find a package.json file in your current directory.
17 verbose exit [ 34, true ]
